2024-12-05 11:24:25,020 -  DEBUG - Root Path: D:\Matura Project\Repos\Intelligence Module\PDF Recoc\PDF-Einlesen
2024-12-05 11:24:25,021 -  DEBUG - D:\Matura Project\Repos\Intelligence Module\PDF Recoc\PDF-Einlesen\Converted\MFH-RF1-Brandschutzplan\TEXTSDB.fdb
2024-12-05 11:24:25,029 -  INFO - Database already exists at: D:\Matura Project\Repos\Intelligence Module\PDF Recoc\PDF-Einlesen\Converted\MFH-RF1-Brandschutzplan\TEXTSDB.fdb
2024-12-05 11:24:25,223 -  INFO - Database connection successful!
2024-12-05 11:24:25,224 -  INFO - Reading PDF MFH-RF1-Brandschutzplan.pdf in single file mode
2024-12-05 11:24:25,224 -  INFO - Converting 3 pages!
2024-12-05 11:24:25,225 -  DEBUG - Directory path: D:\Matura Project\Repos\Intelligence Module\PDF Recoc\Pdf-Einlesen\PlanPdf\MFH-RF1-Brandschutzplan.pdf
2024-12-05 11:24:25,225 -  INFO - Reading PDF ...
2024-12-05 11:24:32,670 -  INFO - PDF successfully read!
2024-12-05 11:24:33,438 -  DEBUG - Table CONVERTED_0 already exists -> Dropping it!
2024-12-05 11:24:33,446 -  DEBUG - New table CONVERTED_0 created!
2024-12-05 11:24:35,021 -  DEBUG - 12 words detected!
2024-12-05 11:24:35,064 -  INFO - Image saved at: D:\Matura Project\Repos\Intelligence Module\PDF Recoc\PDF-Einlesen\Converted\MFH-RF1-Brandschutzplan/Converted0.png
2024-12-05 11:24:36,055 -  DEBUG - Table CONVERTED_1 already exists -> Dropping it!
2024-12-05 11:24:36,059 -  DEBUG - New table CONVERTED_1 created!
2024-12-05 11:24:37,552 -  DEBUG - 12 words detected!
2024-12-05 11:24:37,591 -  INFO - Image saved at: D:\Matura Project\Repos\Intelligence Module\PDF Recoc\PDF-Einlesen\Converted\MFH-RF1-Brandschutzplan/Converted1.png
2024-12-05 11:24:38,462 -  DEBUG - Table CONVERTED_2 already exists -> Dropping it!
2024-12-05 11:24:38,465 -  DEBUG - New table CONVERTED_2 created!
2024-12-05 11:24:39,988 -  DEBUG - 12 words detected!
2024-12-05 11:24:40,024 -  INFO - Image saved at: D:\Matura Project\Repos\Intelligence Module\PDF Recoc\PDF-Einlesen\Converted\MFH-RF1-Brandschutzplan/Converted2.png
2024-12-05 11:26:43,193 -  DEBUG - Root Path: D:\Matura Project\Repos\Intelligence Module\PDF Recoc\PDF-Einlesen
2024-12-05 11:26:43,193 -  DEBUG - D:\Matura Project\Repos\Intelligence Module\PDF Recoc\PDF-Einlesen\Converted\MFH-RF1-Brandschutzplan\TEXTSDB.fdb
2024-12-05 11:26:43,228 -  INFO - Database already exists at: D:\Matura Project\Repos\Intelligence Module\PDF Recoc\PDF-Einlesen\Converted\MFH-RF1-Brandschutzplan\TEXTSDB.fdb
2024-12-05 11:26:43,291 -  INFO - Database connection successful!
2024-12-05 11:26:43,292 -  INFO - Reading PDF MFH-RF1-Brandschutzplan.pdf in single file mode
2024-12-05 11:26:43,293 -  INFO - Converting 3 pages!
2024-12-05 11:26:43,294 -  DEBUG - Directory path: D:\Matura Project\Repos\Intelligence Module\PDF Recoc\Pdf-Einlesen\PlanPdf\MFH-RF1-Brandschutzplan.pdf
2024-12-05 11:26:43,295 -  INFO - Reading PDF ...
2024-12-05 11:26:47,783 -  INFO - PDF successfully read!
2024-12-05 11:26:48,492 -  DEBUG - Table CONVERTED_0 already exists -> Dropping it!
2024-12-05 11:26:48,498 -  DEBUG - New table CONVERTED_0 created!
2024-12-05 11:26:49,901 -  DEBUG - 12 words detected!
2024-12-05 11:26:49,938 -  INFO - Image saved at: D:\Matura Project\Repos\Intelligence Module\PDF Recoc\PDF-Einlesen\Converted\MFH-RF1-Brandschutzplan/Converted0.png
2024-12-05 11:26:50,726 -  DEBUG - Table CONVERTED_1 already exists -> Dropping it!
2024-12-05 11:26:50,728 -  DEBUG - New table CONVERTED_1 created!
2024-12-05 11:26:51,968 -  DEBUG - 12 words detected!
2024-12-05 11:26:51,991 -  INFO - Image saved at: D:\Matura Project\Repos\Intelligence Module\PDF Recoc\PDF-Einlesen\Converted\MFH-RF1-Brandschutzplan/Converted1.png
2024-12-05 11:26:52,773 -  DEBUG - Table CONVERTED_2 already exists -> Dropping it!
2024-12-05 11:26:52,776 -  DEBUG - New table CONVERTED_2 created!
2024-12-05 11:26:54,074 -  DEBUG - 12 words detected!
2024-12-05 11:26:54,099 -  INFO - Image saved at: D:\Matura Project\Repos\Intelligence Module\PDF Recoc\PDF-Einlesen\Converted\MFH-RF1-Brandschutzplan/Converted2.png
2024-12-05 11:32:34,526 -  DEBUG - Root Path: D:\Matura Project\Repos\Intelligence Module\PDF-Einlesen
2024-12-05 11:32:34,527 -  DEBUG - D:\Matura Project\Repos\Intelligence Module\PDF-Einlesen\Converted\MFH-RF1-Brandschutzplan\TEXTSDB.fdb
2024-12-05 11:32:34,532 -  INFO - Database already exists at: D:\Matura Project\Repos\Intelligence Module\PDF-Einlesen\Converted\MFH-RF1-Brandschutzplan\TEXTSDB.fdb
2024-12-05 11:32:34,656 -  INFO - Database connection successful!
2024-12-05 11:32:34,657 -  INFO - Reading PDF MFH-RF1-Brandschutzplan.pdf in single file mode
2024-12-05 11:32:34,657 -  INFO - Converting 3 pages!
2024-12-05 11:32:34,658 -  DEBUG - Directory path: D:\Matura Project\Repos\Intelligence Module\Pdf-Einlesen\PlanPdf\MFH-RF1-Brandschutzplan.pdf
2024-12-05 11:32:34,658 -  INFO - Reading PDF ...
2024-12-05 11:32:38,375 -  INFO - PDF successfully read!
2024-12-05 11:32:39,091 -  DEBUG - Table CONVERTED_0 already exists -> Dropping it!
2024-12-05 11:32:39,097 -  DEBUG - New table CONVERTED_0 created!
2024-12-05 11:32:40,483 -  DEBUG - 12 words detected!
2024-12-05 11:32:40,522 -  INFO - Image saved at: D:\Matura Project\Repos\Intelligence Module\PDF-Einlesen\Converted\MFH-RF1-Brandschutzplan/Converted0.png
2024-12-05 11:32:41,290 -  DEBUG - Table CONVERTED_1 already exists -> Dropping it!
2024-12-05 11:32:41,293 -  DEBUG - New table CONVERTED_1 created!
2024-12-05 11:32:42,532 -  DEBUG - 12 words detected!
2024-12-05 11:32:42,555 -  INFO - Image saved at: D:\Matura Project\Repos\Intelligence Module\PDF-Einlesen\Converted\MFH-RF1-Brandschutzplan/Converted1.png
2024-12-05 11:32:43,322 -  DEBUG - Table CONVERTED_2 already exists -> Dropping it!
2024-12-05 11:32:43,324 -  DEBUG - New table CONVERTED_2 created!
2024-12-05 11:32:44,615 -  DEBUG - 12 words detected!
2024-12-05 11:32:44,641 -  INFO - Image saved at: D:\Matura Project\Repos\Intelligence Module\PDF-Einlesen\Converted\MFH-RF1-Brandschutzplan/Converted2.png
