2024-10-10 13:17:10,574 - rotating_logger - INFO - Database already exists at D:\Matura Project\Repos\Intelligence Module\PDF Recoc\PDF-Einlesen\Converted\MFH-RF1-Brandschutzplan\TEXTSDB.fdb
2024-10-10 13:17:10,629 - rotating_logger - INFO - DB Verbundung wurde aufgebeaut!
2024-10-10 13:17:10,629 - rotating_logger - INFO - PdfWird im FileMode Single aufgerufen
2024-10-10 13:17:10,630 - rotating_logger - DEBUG - D:\Matura Project\Repos\Intelligence Module\PDF Recoc\PDF-Einlesen\PlanPdf\MFH-RF1-Brandschutzplan.pdf
2024-10-10 13:17:14,661 - rotating_logger - INFO - PDF wurde gelesen!
2024-10-10 13:17:16,783 - rotating_logger - INFO - GEspeichert Unter: Converted/MFH-RF1-Brandschutzplan/Converted1.png
2024-10-10 13:17:18,744 - rotating_logger - INFO - GEspeichert Unter: Converted/MFH-RF1-Brandschutzplan/Converted2.png
2024-10-10 13:17:20,751 - rotating_logger - INFO - GEspeichert Unter: Converted/MFH-RF1-Brandschutzplan/Converted4.png
2024-10-10 13:22:29,539 - rotating_logger - INFO - Database already exists at D:\Matura Project\Repos\Intelligence Module\PDF Recoc\PDF-Einlesen\Converted\MFH-RF1-Brandschutzplan\TEXTSDB.fdb
2024-10-10 13:22:29,603 - rotating_logger - INFO - DB Verbindung wurde aufgebeaut!
2024-10-10 13:22:29,604 - rotating_logger - INFO - Pdf wird im FileMode Single aufgerufen
2024-10-10 13:22:29,605 - rotating_logger - INFO - Es werden insgesamt3 Seiten bearbeitet!
2024-10-10 13:22:29,605 - rotating_logger - DEBUG - D:\Matura Project\Repos\Intelligence Module\PDF Recoc\PDF-Einlesen\PlanPdf\MFH-RF1-Brandschutzplan.pdf
2024-10-10 13:22:33,657 - rotating_logger - INFO - PDF wurde gelesen!
2024-10-10 13:27:46,476 - rotating_logger - INFO - Database already exists at D:\Matura Project\Repos\Intelligence Module\PDF Recoc\PDF-Einlesen\Converted\MFH-RF1-Brandschutzplan\TEXTSDB.fdb
2024-10-10 13:27:46,557 - rotating_logger - INFO - DB Verbindung wurde aufgebeaut!
2024-10-10 13:27:46,558 - rotating_logger - INFO - Pdf wird im FileMode Single aufgerufen
2024-10-10 13:27:46,558 - rotating_logger - INFO - Es werden insgesamt3 Seiten bearbeitet!
2024-10-10 13:27:46,559 - rotating_logger - DEBUG - D:\Matura Project\Repos\Intelligence Module\PDF Recoc\PDF-Einlesen\PlanPdf\MFH-RF1-Brandschutzplan.pdf
2024-10-10 13:27:50,816 - rotating_logger - INFO - PDF wurde gelesen!
2024-10-10 13:27:53,020 - rotating_logger - INFO - Gespeichert Unter: Converted/MFH-RF1-Brandschutzplan/Converted1.png
2024-10-10 13:27:55,109 - rotating_logger - INFO - Gespeichert Unter: Converted/MFH-RF1-Brandschutzplan/Converted3.png
2024-10-10 13:27:57,275 - rotating_logger - INFO - Gespeichert Unter: Converted/MFH-RF1-Brandschutzplan/Converted5.png
2024-10-10 13:46:25,658 - rotating_logger - INFO - Database already exists at D:\Matura Project\Repos\Intelligence Module\PDF Recoc\PDF-Einlesen\Converted\MFH-RF1-Brandschutzplan\TEXTSDB.fdb
2024-10-10 13:46:25,709 - rotating_logger - INFO - DB Verbindung wurde aufgebeaut!
2024-10-10 13:46:25,709 - rotating_logger - INFO - Pdf wird im FileMode Single aufgerufen
2024-10-10 13:46:25,709 - rotating_logger - INFO - Es werden insgesamt3 Seiten bearbeitet!
2024-10-10 13:46:25,709 - rotating_logger - DEBUG - D:\Matura Project\Repos\Intelligence Module\PDF Recoc\PDF-Einlesen\PlanPdf\MFH-RF1-Brandschutzplan.pdf
2024-10-10 13:46:30,072 - rotating_logger - INFO - PDF wurde gelesen!
2024-10-10 13:46:32,237 - rotating_logger - INFO - Gespeichert Unter: Converted/MFH-RF1-Brandschutzplan/Converted1.png
2024-10-10 13:46:34,288 - rotating_logger - INFO - Gespeichert Unter: Converted/MFH-RF1-Brandschutzplan/Converted3.png
2024-10-10 13:46:36,432 - rotating_logger - INFO - Gespeichert Unter: Converted/MFH-RF1-Brandschutzplan/Converted5.png
2024-10-10 13:48:11,853 - rotating_logger - INFO - Database already exists at D:\Matura Project\Repos\Intelligence Module\PDF Recoc\PDF-Einlesen\Converted\MFH-RF1-Brandschutzplan\TEXTSDB.fdb
2024-10-10 13:48:11,906 - rotating_logger - INFO - DB Verbindung wurde aufgebeaut!
2024-10-10 13:48:11,907 - rotating_logger - INFO - Pdf wird im FileMode Single aufgerufen
2024-10-10 13:48:11,907 - rotating_logger - INFO - Es werden insgesamt3 Seiten bearbeitet!
2024-10-10 13:48:11,908 - rotating_logger - DEBUG - D:\Matura Project\Repos\Intelligence Module\PDF Recoc\PDF-Einlesen\PlanPdf\MFH-RF1-Brandschutzplan.pdf
2024-10-10 13:48:16,068 - rotating_logger - INFO - PDF wurde gelesen!
2024-10-10 13:48:18,222 - rotating_logger - INFO - Gespeichert Unter: Converted/MFH-RF1-Brandschutzplan/Converted1.png
2024-10-10 13:48:20,298 - rotating_logger - INFO - Gespeichert Unter: Converted/MFH-RF1-Brandschutzplan/Converted3.png
2024-10-10 13:48:22,467 - rotating_logger - INFO - Gespeichert Unter: Converted/MFH-RF1-Brandschutzplan/Converted5.png
